<?xml version="1.0" encoding="UTF-8"?>
<!-- Generated by org.testng.reporters.JUnitXMLReporter -->
<testsuite ignored="0" hostname="SRIRAMA1020" failures="0" tests="5" name="Default test" time="10.106" errors="0" timestamp="2023-11-15T18:50:51 EST">
  <testcase classname="TestSuite1.Module1" name="login" time="0.008"/>
  <testcase classname="TestSuite1.Module1" name="login" time="0.001"/>
  <testcase classname="TestSuite1.Module1" name="test001" time="2.87"/>
  <testcase classname="TestSuite1.Module1" name="test002" time="2.437"/>
  <testcase classname="TestSuite1.Module1" name="test003" time="4.76"/>
</testsuite> <!-- Default test -->
