<?xml version="1.0" encoding="UTF-8"?>
<!-- Generated by org.testng.reporters.JUnitXMLReporter -->
<testsuite ignored="0" hostname="SRIRAMA1020" failures="0" tests="6" name="sanity" time="0.049" errors="0" timestamp="2023-11-05T20:11:39 EST">
  <testcase classname="TestSuite1.Module1" name="test001" time="0.008"/>
  <testcase classname="TestSuite1.Module1" name="test002" time="0.002"/>
  <testcase classname="TestSuite1.Module1" name="test003" time="0.001"/>
  <testcase classname="TestSuite1.Module2" name="test001" time="0.001"/>
  <testcase classname="TestSuite1.Module2" name="test002" time="0.001"/>
  <testcase classname="TestSuite1.Module2" name="test003" time="0.001"/>
</testsuite> <!-- sanity -->
