<?xml version="1.0" encoding="UTF-8"?>
<!-- Generated by org.testng.reporters.JUnitXMLReporter -->
<testsuite ignored="4" hostname="SRIRAMA1020" failures="0" tests="3" name="Testing" time="0.042" errors="0" timestamp="2023-11-06T10:57:36 EST">
  <testcase classname="TestSuite1.Module1" name="test001" time="0.008"/>
  <testcase classname="TestSuite1.Module2" name="test001" time="0.001"/>
  <testcase classname="TestSuite1.Module2" name="test002" time="0.001"/>
  <testcase classname="TestSuite1.Module1" name="login" time="0.0">
    <ignored/>
  </testcase> <!-- login -->
  <testcase classname="TestSuite1.Module1" name="test003" time="0.0">
    <ignored/>
  </testcase> <!-- test003 -->
  <testcase classname="TestSuite1.Module1" name="test002" time="0.0">
    <ignored/>
  </testcase> <!-- test002 -->
  <testcase classname="TestSuite1.Module2" name="test003" time="0.0">
    <ignored/>
  </testcase> <!-- test003 -->
</testsuite> <!-- Testing -->
