<?xml version="1.0" encoding="UTF-8"?>
<testng-results ignored="0" total="5" passed="5" failed="0" skipped="0">
  <reporter-output>
  </reporter-output>
  <suite started-at="2023-11-15T18:50:41 EST" name="Default suite" finished-at="2023-11-15T18:50:51 EST" duration-ms="10106">
    <groups>
    </groups>
    <test started-at="2023-11-15T18:50:41 EST" name="Default test" finished-at="2023-11-15T18:50:51 EST" duration-ms="10106">
      <class name="TestSuite1.Module1">
        <test-method signature="login(java.lang.String,java.lang.String)[pri:0, instance:TestSuite1.Module1@41fbdac4]" started-at="2023-11-15T18:50:41 EST" name="login" data-provider="data001" finished-at="2023-11-15T18:50:41 EST" duration-ms="8" status="PASS">
          <params>
            <param index="0">
              <value>
                <![CDATA[Sirisha]]>
              </value>
            </param>
            <param index="1">
              <value>
                <![CDATA[password1]]>
              </value>
            </param>
          </params>
          <reporter-output>
          </reporter-output>
        </test-method> <!-- login -->
        <test-method signature="login(java.lang.String,java.lang.String)[pri:0, instance:TestSuite1.Module1@41fbdac4]" started-at="2023-11-15T18:50:41 EST" name="login" data-provider="data001" finished-at="2023-11-15T18:50:41 EST" duration-ms="1" status="PASS">
          <params>
            <param index="0">
              <value>
                <![CDATA[Sirisha2]]>
              </value>
            </param>
            <param index="1">
              <value>
                <![CDATA[password2]]>
              </value>
            </param>
          </params>
          <reporter-output>
          </reporter-output>
        </test-method> <!-- login -->
        <test-method signature="test001()[pri:0, instance:TestSuite1.Module1@41fbdac4]" started-at="2023-11-15T18:50:41 EST" name="test001" finished-at="2023-11-15T18:50:44 EST" duration-ms="2870" status="PASS">
          <reporter-output>
          </reporter-output>
        </test-method> <!-- test001 -->
        <test-method signature="test002()[pri:0, instance:TestSuite1.Module1@41fbdac4]" started-at="2023-11-15T18:50:44 EST" name="test002" finished-at="2023-11-15T18:50:46 EST" duration-ms="2437" status="PASS">
          <reporter-output>
          </reporter-output>
        </test-method> <!-- test002 -->
        <test-method signature="test003()[pri:0, instance:TestSuite1.Module1@41fbdac4]" started-at="2023-11-15T18:50:46 EST" name="test003" finished-at="2023-11-15T18:50:51 EST" duration-ms="4760" status="PASS">
          <reporter-output>
          </reporter-output>
        </test-method> <!-- test003 -->
      </class> <!-- TestSuite1.Module1 -->
    </test> <!-- Default test -->
  </suite> <!-- Default suite -->
</testng-results>
